0 info it worked if it ends with ok
1 verbose cli [ 'node',
1 verbose cli   '/usr/local/bin/npm',
1 verbose cli   'install',
1 verbose cli   'express',
1 verbose cli   'ejs',
1 verbose cli   'radis',
1 verbose cli   'body-parser',
1 verbose cli   'method-override',
1 verbose cli   '--save' ]
2 info using npm@1.4.28
3 info using node@v0.10.35
4 warn package.json studentMan@1.0.0 No description
5 warn package.json studentMan@1.0.0 No repository field.
6 warn package.json studentMan@1.0.0 No README data
7 verbose readDependencies using package.json deps
8 verbose cache add [ 'express', null ]
9 verbose cache add name=undefined spec="express" args=["express",null]
10 verbose parsed url { protocol: null,
10 verbose parsed url   slashes: null,
10 verbose parsed url   auth: null,
10 verbose parsed url   host: null,
10 verbose parsed url   port: null,
10 verbose parsed url   hostname: null,
10 verbose parsed url   hash: null,
10 verbose parsed url   search: null,
10 verbose parsed url   query: null,
10 verbose parsed url   pathname: 'express',
10 verbose parsed url   path: 'express',
10 verbose parsed url   href: 'express' }
11 verbose cache add [ 'ejs', null ]
12 verbose cache add name=undefined spec="ejs" args=["ejs",null]
13 verbose parsed url { protocol: null,
13 verbose parsed url   slashes: null,
13 verbose parsed url   auth: null,
13 verbose parsed url   host: null,
13 verbose parsed url   port: null,
13 verbose parsed url   hostname: null,
13 verbose parsed url   hash: null,
13 verbose parsed url   search: null,
13 verbose parsed url   query: null,
13 verbose parsed url   pathname: 'ejs',
13 verbose parsed url   path: 'ejs',
13 verbose parsed url   href: 'ejs' }
14 verbose cache add [ 'radis', null ]
15 verbose cache add name=undefined spec="radis" args=["radis",null]
16 verbose parsed url { protocol: null,
16 verbose parsed url   slashes: null,
16 verbose parsed url   auth: null,
16 verbose parsed url   host: null,
16 verbose parsed url   port: null,
16 verbose parsed url   hostname: null,
16 verbose parsed url   hash: null,
16 verbose parsed url   search: null,
16 verbose parsed url   query: null,
16 verbose parsed url   pathname: 'radis',
16 verbose parsed url   path: 'radis',
16 verbose parsed url   href: 'radis' }
17 verbose cache add [ 'body-parser', null ]
18 verbose cache add name=undefined spec="body-parser" args=["body-parser",null]
19 verbose parsed url { protocol: null,
19 verbose parsed url   slashes: null,
19 verbose parsed url   auth: null,
19 verbose parsed url   host: null,
19 verbose parsed url   port: null,
19 verbose parsed url   hostname: null,
19 verbose parsed url   hash: null,
19 verbose parsed url   search: null,
19 verbose parsed url   query: null,
19 verbose parsed url   pathname: 'body-parser',
19 verbose parsed url   path: 'body-parser',
19 verbose parsed url   href: 'body-parser' }
20 verbose cache add [ 'method-override', null ]
21 verbose cache add name=undefined spec="method-override" args=["method-override",null]
22 verbose parsed url { protocol: null,
22 verbose parsed url   slashes: null,
22 verbose parsed url   auth: null,
22 verbose parsed url   host: null,
22 verbose parsed url   port: null,
22 verbose parsed url   hostname: null,
22 verbose parsed url   hash: null,
22 verbose parsed url   search: null,
22 verbose parsed url   query: null,
22 verbose parsed url   pathname: 'method-override',
22 verbose parsed url   path: 'method-override',
22 verbose parsed url   href: 'method-override' }
23 silly lockFile f3c62de4-express express
24 verbose lock express /Users/Leo/.npm/f3c62de4-express.lock
25 silly lockFile 75eeca8f-ejs ejs
26 verbose lock ejs /Users/Leo/.npm/75eeca8f-ejs.lock
27 silly lockFile 11c5e4ff-radis radis
28 verbose lock radis /Users/Leo/.npm/11c5e4ff-radis.lock
29 silly lockFile 14cf125c-body-parser body-parser
30 verbose lock body-parser /Users/Leo/.npm/14cf125c-body-parser.lock
31 silly lockFile 0b00fa9d-method-override method-override
32 verbose lock method-override /Users/Leo/.npm/0b00fa9d-method-override.lock
33 silly lockFile f3c62de4-express express
34 silly lockFile f3c62de4-express express
35 silly lockFile 75eeca8f-ejs ejs
36 silly lockFile 75eeca8f-ejs ejs
37 silly lockFile 11c5e4ff-radis radis
38 silly lockFile 11c5e4ff-radis radis
39 silly lockFile 14cf125c-body-parser body-parser
40 silly lockFile 14cf125c-body-parser body-parser
41 silly lockFile 0b00fa9d-method-override method-override
42 silly lockFile 0b00fa9d-method-override method-override
43 verbose addNamed [ 'express', '' ]
44 verbose addNamed [ null, '*' ]
45 silly lockFile 64a534c1-express express@
46 verbose lock express@ /Users/Leo/.npm/64a534c1-express.lock
47 verbose addNamed [ 'ejs', '' ]
48 verbose addNamed [ null, '*' ]
49 silly lockFile bcdf6e5f-ejs ejs@
50 verbose lock ejs@ /Users/Leo/.npm/bcdf6e5f-ejs.lock
51 verbose addNamed [ 'radis', '' ]
52 verbose addNamed [ null, '*' ]
53 silly lockFile 8bcd0ee2-radis radis@
54 verbose lock radis@ /Users/Leo/.npm/8bcd0ee2-radis.lock
55 verbose addNamed [ 'body-parser', '' ]
56 verbose addNamed [ null, '*' ]
57 silly lockFile 9f665704-body-parser body-parser@
58 verbose lock body-parser@ /Users/Leo/.npm/9f665704-body-parser.lock
59 verbose addNamed [ 'method-override', '' ]
60 verbose addNamed [ null, '*' ]
61 silly lockFile dd70539b-method-override method-override@
62 verbose lock method-override@ /Users/Leo/.npm/dd70539b-method-override.lock
63 silly addNameRange { name: 'express', range: '*', hasData: false }
64 silly addNameRange { name: 'body-parser', range: '*', hasData: false }
65 silly addNameRange { name: 'ejs', range: '*', hasData: false }
66 silly addNameRange { name: 'radis', range: '*', hasData: false }
67 silly addNameRange { name: 'method-override', range: '*', hasData: false }
68 verbose request where is /radis
69 verbose request registry https://registry.npmjs.org/
70 verbose request id 708cc0f59fe7c573
71 verbose url raw /radis
72 verbose url resolving [ 'https://registry.npmjs.org/', './radis' ]
73 verbose url resolved https://registry.npmjs.org/radis
74 verbose request where is https://registry.npmjs.org/radis
75 info trying registry request attempt 1 at 17:00:33
76 http GET https://registry.npmjs.org/radis
77 verbose request where is /express
78 verbose request registry https://registry.npmjs.org/
79 verbose url raw /express
80 verbose url resolving [ 'https://registry.npmjs.org/', './express' ]
81 verbose url resolved https://registry.npmjs.org/express
82 verbose request where is https://registry.npmjs.org/express
83 info trying registry request attempt 1 at 17:00:33
84 verbose etag "C1S86UJ6DRXSOTM9TLD4ABQR2"
85 http GET https://registry.npmjs.org/express
86 verbose request where is /ejs
87 verbose request registry https://registry.npmjs.org/
88 verbose url raw /ejs
89 verbose url resolving [ 'https://registry.npmjs.org/', './ejs' ]
90 verbose url resolved https://registry.npmjs.org/ejs
91 verbose request where is https://registry.npmjs.org/ejs
92 info trying registry request attempt 1 at 17:00:33
93 verbose etag "8ZET8O5AIGXDOCVZ7ETEBGNT0"
94 http GET https://registry.npmjs.org/ejs
95 verbose request where is /method-override
96 verbose request registry https://registry.npmjs.org/
97 verbose url raw /method-override
98 verbose url resolving [ 'https://registry.npmjs.org/', './method-override' ]
99 verbose url resolved https://registry.npmjs.org/method-override
100 verbose request where is https://registry.npmjs.org/method-override
101 info trying registry request attempt 1 at 17:00:33
102 verbose etag "B31WS9JW7XJ8IDT7L83LCYKZ7"
103 http GET https://registry.npmjs.org/method-override
104 verbose request where is /body-parser
105 verbose request registry https://registry.npmjs.org/
106 verbose url raw /body-parser
107 verbose url resolving [ 'https://registry.npmjs.org/', './body-parser' ]
108 verbose url resolved https://registry.npmjs.org/body-parser
109 verbose request where is https://registry.npmjs.org/body-parser
110 info trying registry request attempt 1 at 17:00:33
111 verbose etag "68VWGFTSV3B3MUIDALA75PTRD"
112 http GET https://registry.npmjs.org/body-parser
113 http 304 https://registry.npmjs.org/body-parser
114 silly registry.get cb [ 304,
114 silly registry.get   { date: 'Thu, 19 Mar 2015 00:00:33 GMT',
114 silly registry.get     server: 'Apache',
114 silly registry.get     via: '1.1 varnish',
114 silly registry.get     'last-modified': 'Thu, 19 Mar 2015 00:00:33 GMT',
114 silly registry.get     'cache-control': 'max-age=60',
114 silly registry.get     etag: '"68VWGFTSV3B3MUIDALA75PTRD"',
114 silly registry.get     age: '33',
114 silly registry.get     'x-served-by': 'cache-jfk1034-JFK',
114 silly registry.get     'x-cache': 'HIT',
114 silly registry.get     'x-cache-hits': '1',
114 silly registry.get     'x-timer': 'S1426723233.944511,VS0,VE0',
114 silly registry.get     vary: 'Accept',
114 silly registry.get     'content-length': '0',
114 silly registry.get     'keep-alive': 'timeout=10, max=50',
114 silly registry.get     connection: 'Keep-Alive' } ]
115 verbose etag https://registry.npmjs.org/body-parser from cache
116 silly addNameRange number 2 { name: 'body-parser', range: '*', hasData: true }
117 silly addNameRange versions [ 'body-parser',
117 silly addNameRange   [ '1.0.0',
117 silly addNameRange     '1.0.1',
117 silly addNameRange     '1.0.2',
117 silly addNameRange     '1.1.0',
117 silly addNameRange     '1.1.1',
117 silly addNameRange     '1.1.2',
117 silly addNameRange     '1.2.0',
117 silly addNameRange     '1.2.1',
117 silly addNameRange     '1.2.2',
117 silly addNameRange     '1.3.0',
117 silly addNameRange     '1.3.1',
117 silly addNameRange     '1.4.0',
117 silly addNameRange     '1.4.1',
117 silly addNameRange     '1.4.2',
117 silly addNameRange     '1.4.3',
117 silly addNameRange     '1.5.0',
117 silly addNameRange     '1.5.1',
117 silly addNameRange     '1.5.2',
117 silly addNameRange     '1.6.0',
117 silly addNameRange     '1.6.1',
117 silly addNameRange     '1.6.2',
117 silly addNameRange     '1.6.3',
117 silly addNameRange     '1.6.4',
117 silly addNameRange     '1.6.5',
117 silly addNameRange     '1.6.6',
117 silly addNameRange     '1.6.7',
117 silly addNameRange     '1.7.0',
117 silly addNameRange     '1.8.0',
117 silly addNameRange     '1.8.1',
117 silly addNameRange     '1.8.2',
117 silly addNameRange     '1.8.3',
117 silly addNameRange     '1.8.4',
117 silly addNameRange     '1.9.0',
117 silly addNameRange     '1.9.1',
117 silly addNameRange     '1.9.2',
117 silly addNameRange     '1.9.3',
117 silly addNameRange     '1.10.0',
117 silly addNameRange     '1.10.1',
117 silly addNameRange     '1.10.2',
117 silly addNameRange     '1.11.0',
117 silly addNameRange     '1.12.0',
117 silly addNameRange     '1.12.1',
117 silly addNameRange     '1.12.2' ] ]
118 verbose addNamed [ 'body-parser', '1.12.2' ]
119 verbose addNamed [ '1.12.2', '1.12.2' ]
120 silly lockFile 76f09536-body-parser-1-12-2 body-parser@1.12.2
121 verbose lock body-parser@1.12.2 /Users/Leo/.npm/76f09536-body-parser-1-12-2.lock
122 http 304 https://registry.npmjs.org/express
123 silly registry.get cb [ 304,
123 silly registry.get   { date: 'Thu, 19 Mar 2015 00:00:33 GMT',
123 silly registry.get     server: 'Apache',
123 silly registry.get     via: '1.1 varnish',
123 silly registry.get     'last-modified': 'Thu, 19 Mar 2015 00:00:24 GMT',
123 silly registry.get     'cache-control': 'max-age=60',
123 silly registry.get     etag: '"C1S86UJ6DRXSOTM9TLD4ABQR2"',
123 silly registry.get     age: '56',
123 silly registry.get     'x-served-by': 'cache-jfk1030-JFK',
123 silly registry.get     'x-cache': 'HIT',
123 silly registry.get     'x-cache-hits': '2',
123 silly registry.get     'x-timer': 'S1426723233.964289,VS0,VE0',
123 silly registry.get     vary: 'Accept',
123 silly registry.get     'content-length': '0',
123 silly registry.get     'keep-alive': 'timeout=10, max=50',
123 silly registry.get     connection: 'Keep-Alive' } ]
124 verbose etag https://registry.npmjs.org/express from cache
125 http 304 https://registry.npmjs.org/ejs
126 silly registry.get cb [ 304,
126 silly registry.get   { date: 'Thu, 19 Mar 2015 00:00:33 GMT',
126 silly registry.get     server: 'Apache',
126 silly registry.get     via: '1.1 varnish',
126 silly registry.get     'last-modified': 'Thu, 19 Mar 2015 00:00:23 GMT',
126 silly registry.get     'cache-control': 'max-age=60',
126 silly registry.get     etag: '"8ZET8O5AIGXDOCVZ7ETEBGNT0"',
126 silly registry.get     age: '30',
126 silly registry.get     'x-served-by': 'cache-jfk1028-JFK',
126 silly registry.get     'x-cache': 'HIT',
126 silly registry.get     'x-cache-hits': '2',
126 silly registry.get     'x-timer': 'S1426723233.966521,VS0,VE0',
126 silly registry.get     vary: 'Accept',
126 silly registry.get     'content-length': '0',
126 silly registry.get     'keep-alive': 'timeout=10, max=50',
126 silly registry.get     connection: 'Keep-Alive' } ]
127 verbose etag https://registry.npmjs.org/ejs from cache
128 silly lockFile 76f09536-body-parser-1-12-2 body-parser@1.12.2
129 silly lockFile 76f09536-body-parser-1-12-2 body-parser@1.12.2
130 silly lockFile 9f665704-body-parser body-parser@
131 silly lockFile 9f665704-body-parser body-parser@
132 silly addNameRange number 2 { name: 'ejs', range: '*', hasData: true }
133 silly addNameRange versions [ 'ejs',
133 silly addNameRange   [ '0.0.1',
133 silly addNameRange     '0.0.2',
133 silly addNameRange     '0.0.3',
133 silly addNameRange     '0.0.4',
133 silly addNameRange     '0.1.0',
133 silly addNameRange     '0.2.0',
133 silly addNameRange     '0.2.1',
133 silly addNameRange     '0.3.0',
133 silly addNameRange     '0.3.1',
133 silly addNameRange     '0.4.0',
133 silly addNameRange     '0.4.1',
133 silly addNameRange     '0.4.2',
133 silly addNameRange     '0.4.3',
133 silly addNameRange     '0.5.0',
133 silly addNameRange     '0.6.0',
133 silly addNameRange     '0.6.1',
133 silly addNameRange     '0.7.0',
133 silly addNameRange     '0.7.1',
133 silly addNameRange     '0.7.2',
133 silly addNameRange     '0.8.0',
133 silly addNameRange     '0.8.1',
133 silly addNameRange     '0.8.2',
133 silly addNameRange     '0.8.3',
133 silly addNameRange     '0.8.4',
133 silly addNameRange     '0.8.5',
133 silly addNameRange     '0.8.6',
133 silly addNameRange     '0.8.8',
133 silly addNameRange     '1.0.0',
133 silly addNameRange     '2.0.2',
133 silly addNameRange     '2.0.3',
133 silly addNameRange     '2.0.4',
133 silly addNameRange     '2.0.5',
133 silly addNameRange     '2.0.6',
133 silly addNameRange     '2.0.7',
133 silly addNameRange     '2.0.8',
133 silly addNameRange     '2.1.1',
133 silly addNameRange     '2.1.2',
133 silly addNameRange     '2.1.3',
133 silly addNameRange     '2.1.4',
133 silly addNameRange     '2.2.1',
133 silly addNameRange     '2.2.2',
133 silly addNameRange     '2.2.3',
133 silly addNameRange     '2.2.4',
133 silly addNameRange     '2.3.1' ] ]
134 verbose addNamed [ 'ejs', '2.3.1' ]
135 verbose addNamed [ '2.3.1', '2.3.1' ]
136 silly lockFile 823d5f08-ejs-2-3-1 ejs@2.3.1
137 verbose lock ejs@2.3.1 /Users/Leo/.npm/823d5f08-ejs-2-3-1.lock
138 silly addNameRange number 2 { name: 'express', range: '*', hasData: true }
139 silly addNameRange versions [ 'express',
139 silly addNameRange   [ '0.14.0',
139 silly addNameRange     '0.14.1',
139 silly addNameRange     '1.0.0',
139 silly addNameRange     '1.0.1',
139 silly addNameRange     '1.0.2',
139 silly addNameRange     '1.0.3',
139 silly addNameRange     '1.0.4',
139 silly addNameRange     '1.0.5',
139 silly addNameRange     '1.0.6',
139 silly addNameRange     '1.0.7',
139 silly addNameRange     '1.0.8',
139 silly addNameRange     '2.0.0',
139 silly addNameRange     '2.1.0',
139 silly addNameRange     '2.1.1',
139 silly addNameRange     '2.2.0',
139 silly addNameRange     '2.2.1',
139 silly addNameRange     '2.2.2',
139 silly addNameRange     '2.3.0',
139 silly addNameRange     '2.3.1',
139 silly addNameRange     '2.3.2',
139 silly addNameRange     '2.3.3',
139 silly addNameRange     '2.3.4',
139 silly addNameRange     '2.3.5',
139 silly addNameRange     '2.3.6',
139 silly addNameRange     '2.3.7',
139 silly addNameRange     '2.3.8',
139 silly addNameRange     '2.3.9',
139 silly addNameRange     '2.3.10',
139 silly addNameRange     '2.3.11',
139 silly addNameRange     '2.3.12',
139 silly addNameRange     '2.4.0',
139 silly addNameRange     '2.4.1',
139 silly addNameRange     '2.4.2',
139 silly addNameRange     '2.4.3',
139 silly addNameRange     '2.4.4',
139 silly addNameRange     '2.4.5',
139 silly addNameRange     '2.4.6',
139 silly addNameRange     '2.4.7',
139 silly addNameRange     '2.5.0',
139 silly addNameRange     '2.5.1',
139 silly addNameRange     '2.5.2',
139 silly addNameRange     '2.5.3',
139 silly addNameRange     '2.5.4',
139 silly addNameRange     '2.5.5',
139 silly addNameRange     '2.5.6',
139 silly addNameRange     '2.5.7',
139 silly addNameRange     '2.5.8',
139 silly addNameRange     '2.5.9',
139 silly addNameRange     '2.5.10',
139 silly addNameRange     '2.5.11',
139 silly addNameRange     '3.0.0',
139 silly addNameRange     '3.0.1',
139 silly addNameRange     '3.0.2',
139 silly addNameRange     '3.0.3',
139 silly addNameRange     '3.0.4',
139 silly addNameRange     '3.0.5',
139 silly addNameRange     '3.0.6',
139 silly addNameRange     '3.1.0',
139 silly addNameRange     '3.1.1',
139 silly addNameRange     '3.1.2',
139 silly addNameRange     '3.2.0',
139 silly addNameRange     '3.2.1',
139 silly addNameRange     '3.2.2',
139 silly addNameRange     '3.2.3',
139 silly addNameRange     '3.2.4',
139 silly addNameRange     '3.2.5',
139 silly addNameRange     '3.2.6',
139 silly addNameRange     '3.3.0',
139 silly addNameRange     '3.3.1',
139 silly addNameRange     '3.3.2',
139 silly addNameRange     '3.3.3',
139 silly addNameRange     '3.3.4',
139 silly addNameRange     '3.3.5',
139 silly addNameRange     '3.3.6',
139 silly addNameRange     '1.0.0-beta',
139 silly addNameRange     '1.0.0-beta2',
139 silly addNameRange     '1.0.0-rc',
139 silly addNameRange     '1.0.0-rc2',
139 silly addNameRange     '1.0.0-rc3',
139 silly addNameRange     '1.0.0-rc4',
139 silly addNameRange     '2.0.0-beta',
139 silly addNameRange     '2.0.0-beta2',
139 silly addNameRange     '2.0.0-beta3',
139 silly addNameRange     '2.0.0-rc',
139 silly addNameRange     '2.0.0-rc2',
139 silly addNameRange     '2.0.0-rc3',
139 silly addNameRange     '3.0.0-alpha1',
139 silly addNameRange     '3.0.0-alpha2',
139 silly addNameRange     '3.0.0-alpha3',
139 silly addNameRange     '3.0.0-alpha4',
139 silly addNameRange     '3.0.0-alpha5',
139 silly addNameRange     '3.0.0-beta1',
139 silly addNameRange     '3.0.0-beta2',
139 silly addNameRange     '3.0.0-beta3',
139 silly addNameRange     '3.0.0-beta4',
139 silly addNameRange     '3.0.0-beta6',
139 silly addNameRange     '3.0.0-beta7',
139 silly addNameRange     '3.0.0-rc1',
139 silly addNameRange     '3.0.0-rc2',
139 silly addNameRange     '3.0.0-rc3',
139 silly addNameRange     '3.0.0-rc4',
139 silly addNameRange     '3.0.0-rc5',
139 silly addNameRange     '3.3.7',
139 silly addNameRange     '3.3.8',
139 silly addNameRange     '3.4.0',
139 silly addNameRange     '3.4.1',
139 silly addNameRange     '3.4.2',
139 silly addNameRange     '3.4.3',
139 silly addNameRange     '3.4.4',
139 silly addNameRange     '3.4.5',
139 silly addNameRange     '3.4.6',
139 silly addNameRange     '3.4.7',
139 silly addNameRange     '3.4.8',
139 silly addNameRange     '4.0.0-rc1',
139 silly addNameRange     '4.0.0-rc2',
139 silly addNameRange     '3.5.0',
139 silly addNameRange     '4.0.0-rc3',
139 silly addNameRange     '4.0.0-rc4',
139 silly addNameRange     '3.5.1',
139 silly addNameRange     '4.0.0',
139 silly addNameRange     '3.5.2',
139 silly addNameRange     '4.1.0',
139 silly addNameRange     '4.1.1',
139 silly addNameRange     '3.5.3',
139 silly addNameRange     '4.1.2',
139 silly addNameRange     '3.6.0',
139 silly addNameRange     '4.2.0',
139 silly addNameRange     '3.7.0',
139 silly addNameRange     '3.8.0',
139 silly addNameRange     '4.3.0',
139 silly addNameRange     '4.3.1',
139 silly addNameRange     '3.8.1',
139 silly addNameRange     '4.3.2',
139 silly addNameRange     '3.9.0',
139 silly addNameRange     '4.4.0',
139 silly addNameRange     '4.4.1',
139 silly addNameRange     '3.10.0',
139 silly addNameRange     '3.10.1',
139 silly addNameRange     '3.10.2',
139 silly addNameRange     '3.10.3',
139 silly addNameRange     '3.10.4',
139 silly addNameRange     '4.4.2',
139 silly addNameRange     '3.10.5',
139 silly addNameRange     '4.4.3',
139 silly addNameRange     '3.11.0',
139 silly addNameRange     '4.4.4',
139 silly addNameRange     '3.12.0',
139 silly addNameRange     '3.12.1',
139 silly addNameRange     '4.4.5',
139 silly addNameRange     '3.13.0',
139 silly addNameRange     '4.5.0',
139 silly addNameRange     '4.5.1',
139 silly addNameRange     '3.14.0',
139 silly addNameRange     '4.6.0',
139 silly addNameRange     '4.6.1',
139 silly addNameRange     '3.15.0',
139 silly addNameRange     '4.7.0',
139 silly addNameRange     '3.15.1',
139 silly addNameRange     '4.7.1',
139 silly addNameRange     '3.15.2',
139 silly addNameRange     '4.7.2',
139 silly addNameRange     '4.7.3',
139 silly addNameRange     '3.15.3',
139 silly addNameRange     '4.7.4',
139 silly addNameRange     '3.16.0',
139 silly addNameRange     '4.8.0',
139 silly addNameRange     '3.16.1',
139 silly addNameRange     '4.8.1',
139 silly addNameRange     '3.16.2',
139 silly addNameRange     '4.8.2',
139 silly addNameRange     '3.16.3',
139 silly addNameRange     '3.16.4',
139 silly addNameRange     '4.8.3',
139 silly addNameRange     '3.16.5',
139 silly addNameRange     '3.16.6',
139 silly addNameRange     '4.8.4',
139 silly addNameRange     '3.16.7',
139 silly addNameRange     '4.8.5',
139 silly addNameRange     '3.16.8',
139 silly addNameRange     '4.8.6',
139 silly addNameRange     '3.16.9',
139 silly addNameRange     '4.8.7',
139 silly addNameRange     '3.16.10',
139 silly addNameRange     '4.8.8',
139 silly addNameRange     '3.17.0',
139 silly addNameRange     '3.17.1',
139 silly addNameRange     '4.9.0',
139 silly addNameRange     '3.17.2',
139 silly addNameRange     '4.9.1',
139 silly addNameRange     '4.9.2',
139 silly addNameRange     '3.17.3',
139 silly addNameRange     '4.9.3',
139 silly addNameRange     '3.17.4',
139 silly addNameRange     '4.9.4',
139 silly addNameRange     '3.17.5',
139 silly addNameRange     '4.9.5',
139 silly addNameRange     '3.17.6',
139 silly addNameRange     '3.17.7',
139 silly addNameRange     '4.9.6',
139 silly addNameRange     '4.9.7',
139 silly addNameRange     '3.17.8',
139 silly addNameRange     '4.9.8',
139 silly addNameRange     '3.18.0',
139 silly addNameRange     '3.18.1',
139 silly addNameRange     '4.10.0',
139 silly addNameRange     '3.18.2',
139 silly addNameRange     '4.10.1',
139 silly addNameRange     '5.0.0-alpha.1',
139 silly addNameRange     '3.18.3',
139 silly addNameRange     '4.10.2',
139 silly addNameRange     '3.18.4',
139 silly addNameRange     '4.10.3',
139 silly addNameRange     '4.10.4',
139 silly addNameRange     '4.10.5',
139 silly addNameRange     '3.18.5',
139 silly addNameRange     '3.18.6',
139 silly addNameRange     '4.10.6',
139 silly addNameRange     '4.10.7',
139 silly addNameRange     '3.19.0',
139 silly addNameRange     '4.10.8',
139 silly addNameRange     '4.11.0',
139 silly addNameRange     '3.19.1',
139 silly addNameRange     '4.11.1',
139 silly addNameRange     '3.19.2',
139 silly addNameRange     '4.11.2',
139 silly addNameRange     '3.20.0',
139 silly addNameRange     '4.12.0',
139 silly addNameRange     '3.20.1',
139 silly addNameRange     '4.12.1',
139 silly addNameRange     '4.12.2',
139 silly addNameRange     '3.20.2',
139 silly addNameRange     '4.12.3' ] ]
140 verbose addNamed [ 'express', '4.12.3' ]
141 verbose addNamed [ '4.12.3', '4.12.3' ]
142 silly lockFile 0b3fc563-express-4-12-3 express@4.12.3
143 verbose lock express@4.12.3 /Users/Leo/.npm/0b3fc563-express-4-12-3.lock
144 http 404 https://registry.npmjs.org/radis
145 verbose headers { date: 'Thu, 19 Mar 2015 00:00:34 GMT',
145 verbose headers   server: 'CouchDB/1.5.0 (Erlang OTP/R16B03)',
145 verbose headers   'content-type': 'application/json',
145 verbose headers   'cache-control': 'max-age=0',
145 verbose headers   'content-length': '51',
145 verbose headers   'accept-ranges': 'bytes',
145 verbose headers   via: '1.1 varnish',
145 verbose headers   age: '0',
145 verbose headers   'x-served-by': 'cache-jfk1029-JFK',
145 verbose headers   'x-cache': 'MISS',
145 verbose headers   'x-cache-hits': '0',
145 verbose headers   'x-timer': 'S1426723233.948974,VS0,VE91',
145 verbose headers   'keep-alive': 'timeout=10, max=50',
145 verbose headers   connection: 'Keep-Alive' }
146 silly registry.get cb [ 404,
146 silly registry.get   { date: 'Thu, 19 Mar 2015 00:00:34 GMT',
146 silly registry.get     server: 'CouchDB/1.5.0 (Erlang OTP/R16B03)',
146 silly registry.get     'content-type': 'application/json',
146 silly registry.get     'cache-control': 'max-age=0',
146 silly registry.get     'content-length': '51',
146 silly registry.get     'accept-ranges': 'bytes',
146 silly registry.get     via: '1.1 varnish',
146 silly registry.get     age: '0',
146 silly registry.get     'x-served-by': 'cache-jfk1029-JFK',
146 silly registry.get     'x-cache': 'MISS',
146 silly registry.get     'x-cache-hits': '0',
146 silly registry.get     'x-timer': 'S1426723233.948974,VS0,VE91',
146 silly registry.get     'keep-alive': 'timeout=10, max=50',
146 silly registry.get     connection: 'Keep-Alive' } ]
147 silly lockFile 8bcd0ee2-radis radis@
148 silly lockFile 8bcd0ee2-radis radis@
149 http 304 https://registry.npmjs.org/method-override
150 silly registry.get cb [ 304,
150 silly registry.get   { date: 'Thu, 19 Mar 2015 00:00:33 GMT',
150 silly registry.get     server: 'Apache',
150 silly registry.get     via: '1.1 varnish',
150 silly registry.get     'last-modified': 'Thu, 19 Mar 2015 00:00:34 GMT',
150 silly registry.get     'cache-control': 'max-age=60',
150 silly registry.get     etag: '"B31WS9JW7XJ8IDT7L83LCYKZ7"',
150 silly registry.get     age: '0',
150 silly registry.get     'x-served-by': 'cache-jfk1024-JFK',
150 silly registry.get     'x-cache': 'HIT',
150 silly registry.get     'x-cache-hits': '1',
150 silly registry.get     'x-timer': 'S1426723233.966680,VS0,VE86',
150 silly registry.get     vary: 'Accept',
150 silly registry.get     'content-length': '0',
150 silly registry.get     'keep-alive': 'timeout=10, max=50',
150 silly registry.get     connection: 'Keep-Alive' } ]
151 verbose etag https://registry.npmjs.org/method-override from cache
152 silly lockFile 823d5f08-ejs-2-3-1 ejs@2.3.1
153 silly lockFile 823d5f08-ejs-2-3-1 ejs@2.3.1
154 silly lockFile 0b3fc563-express-4-12-3 express@4.12.3
155 silly lockFile 0b3fc563-express-4-12-3 express@4.12.3
156 silly lockFile bcdf6e5f-ejs ejs@
157 silly lockFile bcdf6e5f-ejs ejs@
158 silly lockFile 64a534c1-express express@
159 silly lockFile 64a534c1-express express@
160 silly addNameRange number 2 { name: 'method-override', range: '*', hasData: true }
161 silly addNameRange versions [ 'method-override',
161 silly addNameRange   [ '1.0.0',
161 silly addNameRange     '1.0.1',
161 silly addNameRange     '1.0.2',
161 silly addNameRange     '2.0.0',
161 silly addNameRange     '2.0.1',
161 silly addNameRange     '2.0.2',
161 silly addNameRange     '2.1.0',
161 silly addNameRange     '2.1.1',
161 silly addNameRange     '2.1.2',
161 silly addNameRange     '2.1.3',
161 silly addNameRange     '2.2.0',
161 silly addNameRange     '2.3.0',
161 silly addNameRange     '2.3.1',
161 silly addNameRange     '2.3.2' ] ]
162 verbose addNamed [ 'method-override', '2.3.2' ]
163 verbose addNamed [ '2.3.2', '2.3.2' ]
164 silly lockFile a5fd3c59-method-override-2-3-2 method-override@2.3.2
165 verbose lock method-override@2.3.2 /Users/Leo/.npm/a5fd3c59-method-override-2-3-2.lock
166 silly lockFile a5fd3c59-method-override-2-3-2 method-override@2.3.2
167 silly lockFile a5fd3c59-method-override-2-3-2 method-override@2.3.2
168 silly lockFile dd70539b-method-override method-override@
169 silly lockFile dd70539b-method-override method-override@
170 error 404 404 Not Found: radis
170 error 404
170 error 404 'radis' is not in the npm registry.
170 error 404 You should bug the author to publish it
170 error 404 It was specified as a dependency of 'studentMan'
170 error 404
170 error 404 Note that you can also install from a
170 error 404 tarball, folder, or http url, or git url.
171 error System Darwin 14.1.0
172 error command "node" "/usr/local/bin/npm" "install" "express" "ejs" "radis" "body-parser" "method-override" "--save"
173 error cwd /Users/Leo/Desktop/week9/studentMan
174 error node -v v0.10.35
175 error npm -v 1.4.28
176 error code E404
177 verbose exit [ 1, true ]
